<?xml version="1.0" encoding="UTF-8" ?>
<testsuite tests="5" failures="0" name="com.csgo.service.Test" time="4.585" errors="0" skipped="0">
  <properties>
[...]
</properties>
  <testcase classname="com.csgo.service.Test" name="registerTest" time="2.055"/>
  <testcase classname="com.csgo.service.Test" name="findAll" time="0.67"/>
  <testcase classname="com.csgo.service.Test" name="findById" time="0.59"/>
  <testcase classname="com.csgo.service.Test" name="findUserByUsername" time="0.55"/>
  <testcase classname="com.csgo.service.Test" name="updateTest" time="0.72"/>
</testsuite>